Connecting to database specified by database.yml
Connecting to database specified by database.yml
Connecting to database specified by database.yml
Connecting to database specified by database.yml
Connecting to database specified by database.yml
Connecting to database specified by database.yml
Connecting to database specified by database.yml
Connecting to database specified by database.yml
Connecting to database specified by database.yml
  [1m[36m (259.1ms)[0m  [1mCREATE TABLE "schema_migrations" ("version" character varying(255) NOT NULL) [0m
  [1m[35m (141.3ms)[0m  CREATE UNIQUE INDEX "unique_schema_migrations" ON "schema_migrations" ("version")
  [1m[36m (0.4ms)[0m  [1mSELECT "schema_migrations"."version" FROM "schema_migrations" [0m
Migrating to CreatePlaces (20151002002913)
  [1m[35m (0.1ms)[0m  BEGIN
  [1m[36m (171.4ms)[0m  [1mCREATE TABLE "places" ("id" serial primary key, "latitude" integer, "longitude" integer, "range" integer, "created_at" timestamp NOT NULL, "updated_at" timestamp NOT NULL) [0m
  [1m[35m (0.4ms)[0m  INSERT INTO "schema_migrations" ("version") VALUES ('20151002002913')
  [1m[36m (32.0ms)[0m  [1mCOMMIT[0m
  [1m[35m (0.2ms)[0m  SELECT "schema_migrations"."version" FROM "schema_migrations" 


Started GET "/assets/rails.png" for 127.0.0.1 at 2015-10-02 16:41:43 -0300
Connecting to database specified by database.yml
Served asset /rails.png - 304 Not Modified (9ms)


Started GET "/places" for 127.0.0.1 at 2015-10-02 16:41:46 -0300
Processing by PlacesController#index as HTML
  [1m[36mPlace Load (0.4ms)[0m  [1mSELECT "places".* FROM "places" [0m
  Rendered places/index.html.erb within layouts/application (8.2ms)
Warning. Error encountered while saving cache /home/saasbook/project/new/navigation/tmp/cache/sass/ecd782f3168dd91201320e12ee857ffa5d0e6409/places.css.scssc: can't dump anonymous class #<Class:0xa158650>
Compiled places.css  (21ms)  (pid 9316)
Warning. Error encountered while saving cache /home/saasbook/project/new/navigation/tmp/cache/sass/ecd782f3168dd91201320e12ee857ffa5d0e6409/scaffolds.css.scssc: can't dump anonymous class #<Class:0xa158650>
Compiled scaffolds.css  (16ms)  (pid 9316)
Compiled application.css  (75ms)  (pid 9316)
Compiled jquery.js  (2ms)  (pid 9316)
Compiled jquery_ujs.js  (0ms)  (pid 9316)
Compiled places.js  (892ms)  (pid 9316)
Compiled application.js  (972ms)  (pid 9316)
Completed 200 OK in 1216.4ms (Views: 1160.5ms | ActiveRecord: 7.5ms)


Started GET "/assets/application.css?body=1" for 127.0.0.1 at 2015-10-02 16:41:47 -0300
Served asset /application.css - 304 Not Modified (9ms)


Started GET "/assets/scaffolds.css?body=1" for 127.0.0.1 at 2015-10-02 16:41:47 -0300
Served asset /scaffolds.css - 304 Not Modified (5ms)


Started GET "/assets/places.css?body=1" for 127.0.0.1 at 2015-10-02 16:41:47 -0300
Served asset /places.css - 304 Not Modified (5ms)


Started GET "/assets/application.js?body=1" for 127.0.0.1 at 2015-10-02 16:41:47 -0300
Served asset /application.js - 304 Not Modified (15ms)


Started GET "/assets/jquery.js?body=1" for 127.0.0.1 at 2015-10-02 16:41:47 -0300
Served asset /jquery.js - 304 Not Modified (55ms)


Started GET "/assets/places.js?body=1" for 127.0.0.1 at 2015-10-02 16:41:47 -0300
Served asset /places.js - 304 Not Modified (7ms)


Started GET "/assets/jquery_ujs.js?body=1" for 127.0.0.1 at 2015-10-02 16:41:47 -0300
Served asset /jquery_ujs.js - 304 Not Modified (8ms)
